TriggerSensor2/app/build/intermediates/manifest_merge_blame_file/debug/manifest-merger-blame-debug-report.txt
1<?xml version="1.0" encoding="utf-8"?>
2<manifest xmlns:android="http://schemas.android.com/apk/res/android"
3    package="com.example.triggersensor"
4    android:versionCode="1"
5    android:versionName="1.0" >
6
7    <uses-sdk
8        android:minSdkVersion="28"
8-->src/main/AndroidManifest.xml
9        android:targetSdkVersion="33" />
9-->src/main/AndroidManifest.xml
10
11    <uses-feature android:name="android.hardware.type.watch" />
11-->src/main/AndroidManifest.xml:4:5-64
11-->src/main/AndroidManifest.xml:4:19-61
12
13    <uses-permission android:name="android.permission.VIBRATE" />
13-->src/main/AndroidManifest.xml:6:5-66
13-->src/main/AndroidManifest.xml:6:22-63
14    <uses-permission android:name="android.permission.WAKE_LOCK" />
14-->src/main/AndroidManifest.xml:7:5-68
14-->src/main/AndroidManifest.xml:7:22-65
15
16    <queries>
16-->[androidx.wear.tiles:tiles:1.1.0] AndroidManifest.xml:7:5-11:15
17        <intent>
17-->[androidx.wear.tiles:tiles:1.1.0] AndroidManifest.xml:8:9-10:18
18            <action android:name="androidx.wear.tiles.action.BIND_UPDATE_REQUESTER" />
18-->[androidx.wear.tiles:tiles:1.1.0] AndroidManifest.xml:9:13-87
18-->[androidx.wear.tiles:tiles:1.1.0] AndroidManifest.xml:9:21-84
19        </intent>
20    </queries>
21
22    <application
22-->src/main/AndroidManifest.xml:9:5-73:19
23        android:allowBackup="true"
23-->src/main/AndroidManifest.xml:10:9-35
24        android:appComponentFactory="androidx.core.app.CoreComponentFactory"
24-->[androidx.core:core:1.8.0] AndroidManifest.xml:24:18-86
25        android:debuggable="true"
26        android:extractNativeLibs="false"
27        android:icon="@mipmap/ic_launcher"
27-->src/main/AndroidManifest.xml:11:9-43
28        android:label="@string/app_name"
28-->src/main/AndroidManifest.xml:12:9-41
29        android:supportsRtl="true"
29-->src/main/AndroidManifest.xml:13:9-35
30        android:testOnly="true"
31        android:theme="@android:style/Theme.DeviceDefault" >
31-->src/main/AndroidManifest.xml:14:9-59
32        <activity
32-->src/main/AndroidManifest.xml:15:9-19:66
33            android:name="com.example.triggersensor.presentation.SensorOn"
33-->src/main/AndroidManifest.xml:16:13-50
34            android:exported="false"
34-->src/main/AndroidManifest.xml:17:13-37
35            android:label="@string/title_activity_sensor_on"
35-->src/main/AndroidManifest.xml:18:13-61
36            android:theme="@android:style/Theme.DeviceDefault" />
36-->src/main/AndroidManifest.xml:19:13-63
37
38        <service
38-->src/main/AndroidManifest.xml:21:9-36:19
39            android:name="com.example.triggersensor.complication.MainComplicationService"
39-->src/main/AndroidManifest.xml:22:13-65
40            android:exported="true"
40-->src/main/AndroidManifest.xml:23:13-36
41            android:label="@string/complication_label"
41-->src/main/AndroidManifest.xml:24:13-55
42            android:permission="com.google.android.wearable.permission.BIND_COMPLICATION_PROVIDER" >
42-->src/main/AndroidManifest.xml:25:13-99
43            <intent-filter>
43-->src/main/AndroidManifest.xml:26:13-28:29
44                <action android:name="android.support.wearable.complications.ACTION_COMPLICATION_UPDATE_REQUEST" />
44-->src/main/AndroidManifest.xml:27:17-116
44-->src/main/AndroidManifest.xml:27:25-113
45            </intent-filter>
46
47            <meta-data
47-->src/main/AndroidManifest.xml:30:13-32:46
48                android:name="android.support.wearable.complications.SUPPORTED_TYPES"
48-->src/main/AndroidManifest.xml:31:17-86
49                android:value="SHORT_TEXT" />
49-->src/main/AndroidManifest.xml:32:17-43
50            <meta-data
50-->src/main/AndroidManifest.xml:33:13-35:37
51                android:name="android.support.wearable.complications.UPDATE_PERIOD_SECONDS"
51-->src/main/AndroidManifest.xml:34:17-92
52                android:value="0" />
52-->src/main/AndroidManifest.xml:35:17-34
53        </service>
54        <service
54-->src/main/AndroidManifest.xml:37:9-49:19
55            android:name="com.example.triggersensor.tile.MainTileService"
55-->src/main/AndroidManifest.xml:38:13-49
56            android:exported="true"
56-->src/main/AndroidManifest.xml:39:13-36
57            android:label="@string/tile_label"
57-->src/main/AndroidManifest.xml:40:13-47
58            android:permission="com.google.android.wearable.permission.BIND_TILE_PROVIDER" >
58-->src/main/AndroidManifest.xml:41:13-91
59            <intent-filter>
59-->src/main/AndroidManifest.xml:42:13-44:29
60                <action android:name="androidx.wear.tiles.action.BIND_TILE_PROVIDER" />
60-->src/main/AndroidManifest.xml:43:17-88
60-->src/main/AndroidManifest.xml:43:25-85
61            </intent-filter>
62
63            <meta-data
63-->src/main/AndroidManifest.xml:46:13-48:61
64                android:name="androidx.wear.tiles.PREVIEW"
64-->src/main/AndroidManifest.xml:47:17-59
65                android:resource="@drawable/tile_preview" />
65-->src/main/AndroidManifest.xml:48:17-58
66        </service>
67
68        <uses-library
68-->src/main/AndroidManifest.xml:51:9-53:39
69            android:name="com.google.android.wearable"
69-->src/main/AndroidManifest.xml:52:13-55
70            android:required="true" />
70-->src/main/AndroidManifest.xml:53:13-36
71        <!--
72               Set to true if your app is Standalone, that is, it does not require the handheld
73               app to run.
74        -->
75        <meta-data
75-->src/main/AndroidManifest.xml:58:9-60:36
76            android:name="com.google.android.wearable.standalone"
76-->src/main/AndroidManifest.xml:59:13-66
77            android:value="true" />
77-->src/main/AndroidManifest.xml:60:13-33
78
79        <activity
79-->src/main/AndroidManifest.xml:62:9-72:20
80            android:name="com.example.triggersensor.presentation.MainActivity"
80-->src/main/AndroidManifest.xml:63:13-54
81            android:exported="true"
81-->src/main/AndroidManifest.xml:64:13-36
82            android:label="@string/app_name"
82-->src/main/AndroidManifest.xml:65:13-45
83            android:theme="@android:style/Theme.DeviceDefault" >
83-->src/main/AndroidManifest.xml:66:13-63
84            <intent-filter>
84-->src/main/AndroidManifest.xml:67:13-71:29
85                <action android:name="android.intent.action.MAIN" />
85-->src/main/AndroidManifest.xml:68:17-69
85-->src/main/AndroidManifest.xml:68:25-66
86
87                <category android:name="android.intent.category.LAUNCHER" />
87-->src/main/AndroidManifest.xml:70:17-77
87-->src/main/AndroidManifest.xml:70:27-74
88            </intent-filter>
89        </activity>
90        <activity
90-->[androidx.compose.ui:ui-tooling:1.3.0] AndroidManifest.xml:23:9-25:39
91            android:name="androidx.compose.ui.tooling.PreviewActivity"
91-->[androidx.compose.ui:ui-tooling:1.3.0] AndroidManifest.xml:24:13-71
92            android:exported="true" />
92-->[androidx.compose.ui:ui-tooling:1.3.0] AndroidManifest.xml:25:13-36
93        <activity
93-->[androidx.compose.ui:ui-test-manifest:1.3.0] AndroidManifest.xml:23:9-25:39
94            android:name="androidx.activity.ComponentActivity"
94-->[androidx.compose.ui:ui-test-manifest:1.3.0] AndroidManifest.xml:24:13-63
95            android:exported="true" />
95-->[androidx.compose.ui:ui-test-manifest:1.3.0] AndroidManifest.xml:25:13-36
96        <activity
96-->[com.google.android.gms:play-services-base:18.0.1] AndroidManifest.xml:20:9-22:45
97            android:name="com.google.android.gms.common.api.GoogleApiActivity"
97-->[com.google.android.gms:play-services-base:18.0.1] AndroidManifest.xml:20:19-85
98            android:exported="false"
98-->[com.google.android.gms:play-services-base:18.0.1] AndroidManifest.xml:22:19-43
99            android:theme="@android:style/Theme.Translucent.NoTitleBar" />
99-->[com.google.android.gms:play-services-base:18.0.1] AndroidManifest.xml:21:19-78
100
101        <meta-data
101-->[com.google.android.gms:play-services-basement:18.0.0] AndroidManifest.xml:21:9-23:69
102            android:name="com.google.android.gms.version"
102-->[com.google.android.gms:play-services-basement:18.0.0] AndroidManifest.xml:22:13-58
103            android:value="@integer/google_play_services_version" />
103-->[com.google.android.gms:play-services-basement:18.0.0] AndroidManifest.xml:23:13-66
104
105        <provider
105-->[androidx.profileinstaller:profileinstaller:1.2.0] AndroidManifest.xml:25:9-33:20
106            android:name="androidx.startup.InitializationProvider"
106-->[androidx.profileinstaller:profileinstaller:1.2.0] AndroidManifest.xml:26:13-67
107            android:authorities="com.example.triggersensor.androidx-startup"
107-->[androidx.profileinstaller:profileinstaller:1.2.0] AndroidManifest.xml:27:13-68
108            android:exported="false" >
108-->[androidx.profileinstaller:profileinstaller:1.2.0] AndroidManifest.xml:28:13-37
109            <meta-data
109-->[androidx.profileinstaller:profileinstaller:1.2.0] AndroidManifest.xml:30:13-32:52
110                android:name="androidx.profileinstaller.ProfileInstallerInitializer"
110-->[androidx.profileinstaller:profileinstaller:1.2.0] AndroidManifest.xml:31:17-85
111                android:value="androidx.startup" />
111-->[androidx.profileinstaller:profileinstaller:1.2.0] AndroidManifest.xml:32:17-49
112        </provider>
113
114        <receiver
114-->[androidx.profileinstaller:profileinstaller:1.2.0] AndroidManifest.xml:35:9-47:20
115            android:name="androidx.profileinstaller.ProfileInstallReceiver"
115-->[androidx.profileinstaller:profileinstaller:1.2.0] AndroidManifest.xml:36:13-76
116            android:directBootAware="false"
116-->[androidx.profileinstaller:profileinstaller:1.2.0] AndroidManifest.xml:37:13-44
117            android:enabled="true"
117-->[androidx.profileinstaller:profileinstaller:1.2.0] AndroidManifest.xml:38:13-35
118            android:exported="true"
118-->[androidx.profileinstaller:profileinstaller:1.2.0] AndroidManifest.xml:39:13-36
119            android:permission="android.permission.DUMP" >
119-->[androidx.profileinstaller:profileinstaller:1.2.0] AndroidManifest.xml:40:13-57
120            <intent-filter>
120-->[androidx.profileinstaller:profileinstaller:1.2.0] AndroidManifest.xml:41:13-43:29
121                <action android:name="androidx.profileinstaller.action.INSTALL_PROFILE" />
121-->[androidx.profileinstaller:profileinstaller:1.2.0] AndroidManifest.xml:42:17-91
121-->[androidx.profileinstaller:profileinstaller:1.2.0] AndroidManifest.xml:42:25-88
122            </intent-filter>
123            <intent-filter>
123-->[androidx.profileinstaller:profileinstaller:1.2.0] AndroidManifest.xml:44:13-46:29
124                <action android:name="androidx.profileinstaller.action.SKIP_FILE" />
124-->[androidx.profileinstaller:profileinstaller:1.2.0] AndroidManifest.xml:45:17-85
124-->[androidx.profileinstaller:profileinstaller:1.2.0] AndroidManifest.xml:45:25-82
125            </intent-filter>
126        </receiver>
127    </application>
128
129</manifest>